# JRE version: OpenJDK Runtime Environment (8.0_112-b06) (build 1.8.0_112-release-b06)
# Java VM: OpenJDK 64-Bit Server VM (25.112-b06 mixed mode windows-amd64 compressed oops)
Heap:
 PSYoungGen      total 243200K, used 14406K [0x00000000e0000000, 0x00000000f0d00000, 0x0000000100000000)
  eden space 220160K, 6% used [0x00000000e0000000,0x00000000e0e11a20,0x00000000ed700000)
  from space 23040K, 0% used [0x00000000ef680000,0x00000000ef680000,0x00000000f0d00000)
  to   space 26624K, 0% used [0x00000000ed900000,0x00000000ed900000,0x00000000ef300000)
 ParOldGen       total 288768K, used 45883K [0x00000000a0000000, 0x00000000b1a00000, 0x00000000e0000000)
  object space 288768K, 15% used [0x00000000a0000000,0x00000000a2ccee30,0x00000000b1a00000)
 Metaspace       used 57067K, capacity 59428K, committed 59736K, reserved 1101824K
  class space    used 7692K, capacity 8197K, committed 8320K, reserved 1048576K
GC Heap History (10 events):
Event: 5.154 GC heap before
{Heap before GC invocations=7 (full 2):
 PSYoungGen      total 145408K, used 131584K [0x00000000e0000000, 0x00000000ea080000, 0x0000000100000000)
  eden space 131584K, 100% used [0x00000000e0000000,0x00000000e8080000,0x00000000e8080000)
  from space 13824K, 0% used [0x00000000e9300000,0x00000000e9300000,0x00000000ea080000)
  to   space 16384K, 0% used [0x00000000e8080000,0x00000000e8080000,0x00000000e9080000)
 ParOldGen       total 288768K, used 17355K [0x00000000a0000000, 0x00000000b1a00000, 0x00000000e0000000)
  object space 288768K, 6% used [0x00000000a0000000,0x00000000a10f2c90,0x00000000b1a00000)
 Metaspace       used 42788K, capacity 43704K, committed 43904K, reserved 1087488K
  class space    used 5757K, capacity 5986K, committed 6016K, reserved 1048576K
Event: 5.164 GC heap after
Heap after GC invocations=7 (full 2):
 PSYoungGen      total 147968K, used 12196K [0x00000000e0000000, 0x00000000ebd00000, 0x0000000100000000)
  eden space 131584K, 0% used [0x00000000e0000000,0x00000000e0000000,0x00000000e8080000)
  from space 16384K, 74% used [0x00000000e8080000,0x00000000e8c69218,0x00000000e9080000)
  to   space 12288K, 0% used [0x00000000eb100000,0x00000000eb100000,0x00000000ebd00000)
 ParOldGen       total 288768K, used 17363K [0x00000000a0000000, 0x00000000b1a00000, 0x00000000e0000000)
  object space 288768K, 6% used [0x00000000a0000000,0x00000000a10f4c90,0x00000000b1a00000)
 Metaspace       used 42788K, capacity 43704K, committed 43904K, reserved 1087488K
  class space    used 5757K, capacity 5986K, committed 6016K, reserved 1048576K
}
Event: 5.969 GC heap before
{Heap before GC invocations=8 (full 2):
 PSYoungGen      total 147968K, used 143780K [0x00000000e0000000, 0x00000000ebd00000, 0x0000000100000000)
  eden space 131584K, 100% used [0x00000000e0000000,0x00000000e8080000,0x00000000e8080000)
  from space 16384K, 74% used [0x00000000e8080000,0x00000000e8c69218,0x00000000e9080000)
  to   space 12288K, 0% used [0x00000000eb100000,0x00000000eb100000,0x00000000ebd00000)
 ParOldGen       total 288768K, used 17363K [0x00000000a0000000, 0x00000000b1a00000, 0x00000000e0000000)
  object space 288768K, 6% used [0x00000000a0000000,0x00000000a10f4c90,0x00000000b1a00000)
 Metaspace       used 45513K, capacity 46754K, committed 46848K, reserved 1089536K
  class space    used 6099K, capacity 6387K, committed 6400K, reserved 1048576K
Event: 5.982 GC heap after
Heap after GC invocations=8 (full 2):
 PSYoungGen      total 179200K, used 12266K [0x00000000e0000000, 0x00000000ec600000, 0x0000000100000000)
  eden space 166912K, 0% used [0x00000000e0000000,0x00000000e0000000,0x00000000ea300000)
  from space 12288K, 99% used [0x00000000eb100000,0x00000000ebcfa970,0x00000000ebd00000)
  to   space 14336K, 0% used [0x00000000ea300000,0x00000000ea300000,0x00000000eb100000)
 ParOldGen       total 288768K, used 20197K [0x00000000a0000000, 0x00000000b1a00000, 0x00000000e0000000)
  object space 288768K, 6% used [0x00000000a0000000,0x00000000a13b96e8,0x00000000b1a00000)
 Metaspace       used 45513K, capacity 46754K, committed 46848K, reserved 1089536K
  class space    used 6099K, capacity 6387K, committed 6400K, reserved 1048576K
}
Event: 7.096 GC heap before
{Heap before GC invocations=9 (full 2):
 PSYoungGen      total 179200K, used 179178K [0x00000000e0000000, 0x00000000ec600000, 0x0000000100000000)
  eden space 166912K, 100% used [0x00000000e0000000,0x00000000ea300000,0x00000000ea300000)
  from space 12288K, 99% used [0x00000000eb100000,0x00000000ebcfa970,0x00000000ebd00000)
  to   space 14336K, 0% used [0x00000000ea300000,0x00000000ea300000,0x00000000eb100000)
 ParOldGen       total 288768K, used 20197K [0x00000000a0000000, 0x00000000b1a00000, 0x00000000e0000000)
  object space 288768K, 6% used [0x00000000a0000000,0x00000000a13b96e8,0x00000000b1a00000)
 Metaspace       used 50661K, capacity 52368K, committed 52480K, reserved 1093632K
  class space    used 6967K, capacity 7363K, committed 7424K, reserved 1048576K
Event: 7.120 GC heap after
Heap after GC invocations=9 (full 2):
 PSYoungGen      total 181248K, used 14305K [0x00000000e0000000, 0x00000000f0d00000, 0x0000000100000000)
  eden space 166912K, 0% used [0x00000000e0000000,0x00000000e0000000,0x00000000ea300000)
  from space 14336K, 99% used [0x00000000ea300000,0x00000000eb0f86e0,0x00000000eb100000)
  to   space 23040K, 0% used [0x00000000ef680000,0x00000000ef680000,0x00000000f0d00000)
 ParOldGen       total 288768K, used 35339K [0x00000000a0000000, 0x00000000b1a00000, 0x00000000e0000000)
  object space 288768K, 12% used [0x00000000a0000000,0x00000000a2282ef0,0x00000000b1a00000)
 Metaspace       used 50661K, capacity 52368K, committed 52480K, reserved 1093632K
  class space    used 6967K, capacity 7363K, committed 7424K, reserved 1048576K
}
Event: 19.078 GC heap before
{Heap before GC invocations=10 (full 2):
 PSYoungGen      total 181248K, used 157294K [0x00000000e0000000, 0x00000000f0d00000, 0x0000000100000000)
  eden space 166912K, 85% used [0x00000000e0000000,0x00000000e8ba31d0,0x00000000ea300000)
  from space 14336K, 99% used [0x00000000ea300000,0x00000000eb0f86e0,0x00000000eb100000)
  to   space 23040K, 0% used [0x00000000ef680000,0x00000000ef680000,0x00000000f0d00000)
 ParOldGen       total 288768K, used 35339K [0x00000000a0000000, 0x00000000b1a00000, 0x00000000e0000000)
  object space 288768K, 12% used [0x00000000a0000000,0x00000000a2282ef0,0x00000000b1a00000)
 Metaspace       used 56613K, capacity 58980K, committed 59096K, reserved 1099776K
  class space    used 7644K, capacity 8133K, committed 8192K, reserved 1048576K
Event: 19.100 GC heap after
Heap after GC invocations=10 (full 2):
 PSYoungGen      total 243200K, used 23027K [0x00000000e0000000, 0x00000000f0d00000, 0x0000000100000000)
  eden space 220160K, 0% used [0x00000000e0000000,0x00000000e0000000,0x00000000ed700000)
  from space 23040K, 99% used [0x00000000ef680000,0x00000000f0cfcfd8,0x00000000f0d00000)
  to   space 26624K, 0% used [0x00000000ed900000,0x00000000ed900000,0x00000000ef300000)
 ParOldGen       total 288768K, used 37027K [0x00000000a0000000, 0x00000000b1a00000, 0x00000000e0000000)
  object space 288768K, 12% used [0x00000000a0000000,0x00000000a2428e20,0x00000000b1a00000)
 Metaspace       used 56613K, capacity 58980K, committed 59096K, reserved 1099776K
  class space    used 7644K, capacity 8133K, committed 8192K, reserved 1048576K
}
Event: 19.100 GC heap before
{Heap before GC invocations=11 (full 3):
 PSYoungGen      total 243200K, used 23027K [0x00000000e0000000, 0x00000000f0d00000, 0x0000000100000000)
  eden space 220160K, 0% used [0x00000000e0000000,0x00000000e0000000,0x00000000ed700000)
  from space 23040K, 99% used [0x00000000ef680000,0x00000000f0cfcfd8,0x00000000f0d00000)
  to   space 26624K, 0% used [0x00000000ed900000,0x00000000ed900000,0x00000000ef300000)
 ParOldGen       total 288768K, used 37027K [0x00000000a0000000, 0x00000000b1a00000, 0x00000000e0000000)
  object space 288768K, 12% used [0x00000000a0000000,0x00000000a2428e20,0x00000000b1a00000)
 Metaspace       used 56613K, capacity 58980K, committed 59096K, reserved 1099776K
  class space    used 7644K, capacity 8133K, committed 8192K, reserved 1048576K
Event: 19.355 GC heap after
Heap after GC invocations=11 (full 3):
 PSYoungGen      total 243200K, used 0K [0x00000000e0000000, 0x00000000f0d00000, 0x0000000100000000)
  eden space 220160K, 0% used [0x00000000e0000000,0x00000000e0000000,0x00000000ed700000)
  from space 23040K, 0% used [0x00000000ef680000,0x00000000ef680000,0x00000000f0d00000)
  to   space 26624K, 0% used [0x00000000ed900000,0x00000000ed900000,0x00000000ef300000)
 ParOldGen       total 288768K, used 45883K [0x00000000a0000000, 0x00000000b1a00000, 0x00000000e0000000)
  object space 288768K, 15% used [0x00000000a0000000,0x00000000a2ccee30,0x00000000b1a00000)
 Metaspace       used 56613K, capacity 58980K, committed 59096K, reserved 1099776K
  class space    used 7644K, capacity 8133K, committed 8192K, reserved 1048576K
}

